SF:/Users/lagouch/dev/botx/BookLibraryApp/backend/Models/Book.cs
FN:4,System.Int32 BookLibraryApp.Models.Book::get_Id()
FNDA:11,System.Int32 BookLibraryApp.Models.Book::get_Id()
DA:5,11
FN:5,System.String BookLibraryApp.Models.Book::get_Title()
FNDA:12,System.String BookLibraryApp.Models.Book::get_Title()
DA:6,12
FN:6,System.String BookLibraryApp.Models.Book::get_Author()
FNDA:12,System.String BookLibraryApp.Models.Book::get_Author()
DA:7,12
FN:7,System.Int32 BookLibraryApp.Models.Book::get_TotalPages()
FNDA:12,System.Int32 BookLibraryApp.Models.Book::get_TotalPages()
DA:8,12
FN:9,System.Collections.Generic.ICollection`1<BookLibraryApp.Models.ReadingEntry> BookLibraryApp.Models.Book::get_ReadingEntries()
FNDA:9,System.Collections.Generic.ICollection`1<BookLibraryApp.Models.ReadingEntry> BookLibraryApp.Models.Book::get_ReadingEntries()
DA:10,9
LF:5
LH:5
BRF:0
BRH:0
FNF:5
FNH:5
end_of_record
SF:/Users/lagouch/dev/botx/BookLibraryApp/backend/Models/ReadingEntry.cs
FN:4,System.Int32 BookLibraryApp.Models.ReadingEntry::get_Id()
FNDA:13,System.Int32 BookLibraryApp.Models.ReadingEntry::get_Id()
DA:5,13
FN:5,System.Int32 BookLibraryApp.Models.ReadingEntry::get_UserId()
FNDA:18,System.Int32 BookLibraryApp.Models.ReadingEntry::get_UserId()
DA:6,18
FN:6,System.Int32 BookLibraryApp.Models.ReadingEntry::get_BookId()
FNDA:18,System.Int32 BookLibraryApp.Models.ReadingEntry::get_BookId()
DA:7,18
FN:7,BookLibraryApp.Models.ReadingStatus BookLibraryApp.Models.ReadingEntry::get_Status()
FNDA:43,BookLibraryApp.Models.ReadingStatus BookLibraryApp.Models.ReadingEntry::get_Status()
DA:8,43
FN:8,System.Int32 BookLibraryApp.Models.ReadingEntry::get_PagesRead()
FNDA:5,System.Int32 BookLibraryApp.Models.ReadingEntry::get_PagesRead()
DA:9,5
FN:9,System.Nullable`1<System.DateTime> BookLibraryApp.Models.ReadingEntry::get_StartDate()
FNDA:6,System.Nullable`1<System.DateTime> BookLibraryApp.Models.ReadingEntry::get_StartDate()
DA:10,6
FN:10,System.Nullable`1<System.DateTime> BookLibraryApp.Models.ReadingEntry::get_FinishDate()
FNDA:0,System.Nullable`1<System.DateTime> BookLibraryApp.Models.ReadingEntry::get_FinishDate()
DA:11,0
FN:11,System.Nullable`1<System.Int32> BookLibraryApp.Models.ReadingEntry::get_Rating()
FNDA:2,System.Nullable`1<System.Int32> BookLibraryApp.Models.ReadingEntry::get_Rating()
DA:12,2
FN:13,BookLibraryApp.Models.User BookLibraryApp.Models.ReadingEntry::get_User()
FNDA:16,BookLibraryApp.Models.User BookLibraryApp.Models.ReadingEntry::get_User()
DA:14,16
FN:14,BookLibraryApp.Models.Book BookLibraryApp.Models.ReadingEntry::get_Book()
FNDA:25,BookLibraryApp.Models.Book BookLibraryApp.Models.ReadingEntry::get_Book()
DA:15,25
LF:10
LH:9
BRF:0
BRH:0
FNF:10
FNH:9
end_of_record
SF:/Users/lagouch/dev/botx/BookLibraryApp/backend/Models/User.cs
FN:4,System.Int32 BookLibraryApp.Models.User::get_Id()
FNDA:5,System.Int32 BookLibraryApp.Models.User::get_Id()
DA:5,5
FN:5,System.String BookLibraryApp.Models.User::get_Name()
FNDA:6,System.String BookLibraryApp.Models.User::get_Name()
DA:6,6
FN:6,System.String BookLibraryApp.Models.User::get_Email()
FNDA:6,System.String BookLibraryApp.Models.User::get_Email()
DA:7,6
FN:8,System.Collections.Generic.ICollection`1<BookLibraryApp.Models.ReadingEntry> BookLibraryApp.Models.User::get_ReadingEntries()
FNDA:3,System.Collections.Generic.ICollection`1<BookLibraryApp.Models.ReadingEntry> BookLibraryApp.Models.User::get_ReadingEntries()
DA:9,3
LF:4
LH:4
BRF:0
BRH:0
FNF:4
FNH:4
end_of_record
SF:/Users/lagouch/dev/botx/BookLibraryApp/backend/Migrations/20260321204808_InitialCreate.cs
FN:13,System.Void BookLibraryApp.Migrations.InitialCreate::Up(Microsoft.EntityFrameworkCore.Migrations.MigrationBuilder)
FNDA:0,System.Void BookLibraryApp.Migrations.InitialCreate::Up(Microsoft.EntityFrameworkCore.Migrations.MigrationBuilder)
DA:14,0
DA:15,0
DA:16,0
DA:17,0
DA:18,0
DA:19,0
DA:20,0
DA:21,0
DA:22,0
DA:23,0
DA:24,0
DA:25,0
DA:26,0
DA:27,0
DA:28,0
DA:30,0
DA:31,0
DA:32,0
DA:33,0
DA:34,0
DA:35,0
DA:36,0
DA:37,0
DA:38,0
DA:39,0
DA:40,0
DA:41,0
DA:42,0
DA:44,0
DA:45,0
DA:46,0
DA:47,0
DA:48,0
DA:49,0
DA:50,0
DA:51,0
DA:52,0
DA:53,0
DA:54,0
DA:55,0
DA:56,0
DA:57,0
DA:58,0
DA:59,0
DA:60,0
DA:61,0
DA:62,0
DA:63,0
DA:64,0
DA:65,0
DA:66,0
DA:67,0
DA:68,0
DA:69,0
DA:70,0
DA:71,0
DA:72,0
DA:73,0
DA:75,0
DA:76,0
DA:77,0
DA:78,0
DA:80,0
DA:81,0
DA:82,0
DA:83,0
DA:84,0
DA:85,0
FN:88,System.Void BookLibraryApp.Migrations.InitialCreate::Down(Microsoft.EntityFrameworkCore.Migrations.MigrationBuilder)
FNDA:0,System.Void BookLibraryApp.Migrations.InitialCreate::Down(Microsoft.EntityFrameworkCore.Migrations.MigrationBuilder)
DA:89,0
DA:90,0
DA:91,0
DA:93,0
DA:94,0
DA:96,0
DA:97,0
DA:98,0
LF:76
LH:0
BRF:0
BRH:0
FNF:2
FNH:0
end_of_record
SF:/Users/lagouch/dev/botx/BookLibraryApp/backend/Migrations/20260321204808_InitialCreate.Designer.cs
FN:19,System.Void BookLibraryApp.Migrations.InitialCreate::BuildTargetModel(Microsoft.EntityFrameworkCore.ModelBuilder)
FNDA:0,System.Void BookLibraryApp.Migrations.InitialCreate::BuildTargetModel(Microsoft.EntityFrameworkCore.ModelBuilder)
DA:20,0
DA:22,0
DA:23,0
DA:24,0
DA:26,0
DA:28,0
DA:29,0
DA:30,0
DA:31,0
DA:32,0
DA:33,0
DA:34,0
DA:35,0
DA:36,0
DA:37,0
DA:38,0
DA:39,0
DA:40,0
DA:41,0
DA:42,0
DA:43,0
DA:44,0
DA:45,0
DA:46,0
DA:47,0
DA:48,0
DA:49,0
DA:50,0
DA:52,0
DA:53,0
DA:54,0
DA:55,0
DA:56,0
DA:57,0
DA:58,0
DA:59,0
DA:60,0
DA:61,0
DA:62,0
DA:63,0
DA:64,0
DA:65,0
DA:66,0
DA:67,0
DA:68,0
DA:69,0
DA:70,0
DA:71,0
DA:72,0
DA:73,0
DA:74,0
DA:75,0
DA:76,0
DA:77,0
DA:78,0
DA:79,0
DA:80,0
DA:81,0
DA:82,0
DA:83,0
DA:84,0
DA:85,0
DA:86,0
DA:87,0
DA:88,0
DA:89,0
DA:90,0
DA:92,0
DA:93,0
DA:94,0
DA:95,0
DA:96,0
DA:97,0
DA:98,0
DA:99,0
DA:100,0
DA:101,0
DA:102,0
DA:103,0
DA:104,0
DA:105,0
DA:106,0
DA:107,0
DA:108,0
DA:109,0
DA:110,0
DA:111,0
DA:113,0
DA:114,0
DA:115,0
DA:116,0
DA:117,0
DA:118,0
DA:119,0
DA:120,0
DA:121,0
DA:122,0
DA:123,0
DA:124,0
DA:125,0
DA:126,0
DA:127,0
DA:128,0
DA:129,0
DA:130,0
DA:132,0
DA:133,0
DA:134,0
DA:135,0
DA:137,0
DA:138,0
DA:139,0
DA:140,0
DA:142,0
LF:114
LH:0
BRF:0
BRH:0
FNF:1
FNH:0
end_of_record
SF:/Users/lagouch/dev/botx/BookLibraryApp/backend/Migrations/AppDbContextModelSnapshot.cs
FN:16,System.Void BookLibraryApp.Migrations.AppDbContextModelSnapshot::BuildModel(Microsoft.EntityFrameworkCore.ModelBuilder)
FNDA:0,System.Void BookLibraryApp.Migrations.AppDbContextModelSnapshot::BuildModel(Microsoft.EntityFrameworkCore.ModelBuilder)
DA:17,0
DA:19,0
DA:20,0
DA:21,0
DA:23,0
DA:25,0
DA:26,0
DA:27,0
DA:28,0
DA:29,0
DA:30,0
DA:31,0
DA:32,0
DA:33,0
DA:34,0
DA:35,0
DA:36,0
DA:37,0
DA:38,0
DA:39,0
DA:40,0
DA:41,0
DA:42,0
DA:43,0
DA:44,0
DA:45,0
DA:46,0
DA:47,0
DA:49,0
DA:50,0
DA:51,0
DA:52,0
DA:53,0
DA:54,0
DA:55,0
DA:56,0
DA:57,0
DA:58,0
DA:59,0
DA:60,0
DA:61,0
DA:62,0
DA:63,0
DA:64,0
DA:65,0
DA:66,0
DA:67,0
DA:68,0
DA:69,0
DA:70,0
DA:71,0
DA:72,0
DA:73,0
DA:74,0
DA:75,0
DA:76,0
DA:77,0
DA:78,0
DA:79,0
DA:80,0
DA:81,0
DA:82,0
DA:83,0
DA:84,0
DA:85,0
DA:86,0
DA:87,0
DA:89,0
DA:90,0
DA:91,0
DA:92,0
DA:93,0
DA:94,0
DA:95,0
DA:96,0
DA:97,0
DA:98,0
DA:99,0
DA:100,0
DA:101,0
DA:102,0
DA:103,0
DA:104,0
DA:105,0
DA:106,0
DA:107,0
DA:108,0
DA:110,0
DA:111,0
DA:112,0
DA:113,0
DA:114,0
DA:115,0
DA:116,0
DA:117,0
DA:118,0
DA:119,0
DA:120,0
DA:121,0
DA:122,0
DA:123,0
DA:124,0
DA:125,0
DA:126,0
DA:127,0
DA:129,0
DA:130,0
DA:131,0
DA:132,0
DA:134,0
DA:135,0
DA:136,0
DA:137,0
DA:139,0
LF:114
LH:0
BRF:0
BRH:0
FNF:1
FNH:0
end_of_record
SF:/Users/lagouch/dev/botx/BookLibraryApp/backend/Services/ReadingEntryService.cs
FN:9,System.Void BookLibraryApp.Services.ReadingEntryService::.ctor(BookLibraryApp.Services.IReadingEntryRepository)
FNDA:16,System.Void BookLibraryApp.Services.ReadingEntryService::.ctor(BookLibraryApp.Services.IReadingEntryRepository)
DA:10,16
DA:11,16
DA:12,16
DA:13,16
FN:15,System.Void BookLibraryApp.Services.ReadingEntryService/<AddEntryAsync>d__2::MoveNext()
FNDA:6,System.Void BookLibraryApp.Services.ReadingEntryService/<AddEntryAsync>d__2::MoveNext()
DA:16,6
DA:17,6
DA:18,6
DA:19,2
DA:21,4
DA:22,4
BRDA:18,179,0,2
BRDA:18,179,1,4
FN:24,System.Void BookLibraryApp.Services.ReadingEntryService/<ChangeStatusAsync>d__3::MoveNext()
FNDA:5,System.Void BookLibraryApp.Services.ReadingEntryService/<ChangeStatusAsync>d__3::MoveNext()
DA:25,5
DA:26,5
DA:28,5
DA:29,1
DA:31,4
DA:32,1
DA:34,3
DA:36,3
DA:37,1
DA:39,3
DA:40,3
BRDA:28,168,0,3
BRDA:28,168,1,2
BRDA:28,184,0,1
BRDA:28,184,1,4
BRDA:31,216,0,2
BRDA:31,216,1,2
BRDA:31,248,0,1
BRDA:31,248,1,3
BRDA:36,287,0,1
BRDA:36,287,1,3
FN:84,System.Void BookLibraryApp.Services.ReadingEntryService/<GetEntryOrThrowAsync>d__8::MoveNext()
FNDA:10,System.Void BookLibraryApp.Services.ReadingEntryService/<GetEntryOrThrowAsync>d__8::MoveNext()
DA:85,10
DA:86,10
DA:87,10
DA:88,10
DA:89,10
BRDA:87,164,0,0
BRDA:87,164,1,10
FN:74,System.Void BookLibraryApp.Services.ReadingEntryService/<SetFinishDateAsync>d__7::MoveNext()
FNDA:1,System.Void BookLibraryApp.Services.ReadingEntryService/<SetFinishDateAsync>d__7::MoveNext()
DA:75,1
DA:76,1
DA:77,1
DA:79,0
DA:80,0
DA:81,0
DA:82,0
BRDA:76,44,0,1
BRDA:76,44,1,0
FN:42,System.Void BookLibraryApp.Services.ReadingEntryService/<SetRatingAsync>d__4::MoveNext()
FNDA:2,System.Void BookLibraryApp.Services.ReadingEntryService/<SetRatingAsync>d__4::MoveNext()
DA:43,2
DA:44,2
DA:46,2
DA:47,1
DA:49,1
DA:50,1
DA:51,1
BRDA:46,176,0,1
BRDA:46,176,1,1
FN:64,System.Void BookLibraryApp.Services.ReadingEntryService/<SetStartDateAsync>d__6::MoveNext()
FNDA:2,System.Void BookLibraryApp.Services.ReadingEntryService/<SetStartDateAsync>d__6::MoveNext()
DA:65,2
DA:66,2
DA:67,1
DA:69,1
DA:70,1
DA:71,1
DA:72,1
BRDA:66,44,0,1
BRDA:66,44,1,1
FN:53,System.Void BookLibraryApp.Services.ReadingEntryService/<UpdateProgressAsync>d__5::MoveNext()
FNDA:2,System.Void BookLibraryApp.Services.ReadingEntryService/<UpdateProgressAsync>d__5::MoveNext()
DA:54,2
DA:55,2
DA:57,2
DA:58,1
DA:60,1
DA:61,1
DA:62,1
BRDA:57,183,0,1
BRDA:57,183,1,1
LF:54
LH:50
BRF:22
BRH:20
FNF:8
FNH:8
end_of_record
SF:/Users/lagouch/dev/botx/BookLibraryApp/backend/Exceptions/DomainExceptions.cs
FN:7,System.Void BookLibraryApp.Exceptions.DuplicateReadingEntryException::.ctor()
FNDA:6,System.Void BookLibraryApp.Exceptions.DuplicateReadingEntryException::.ctor()
DA:8,6
FN:13,System.Void BookLibraryApp.Exceptions.InvalidStatusTransitionException::.ctor(BookLibraryApp.Models.ReadingStatus,BookLibraryApp.Models.ReadingStatus)
FNDA:3,System.Void BookLibraryApp.Exceptions.InvalidStatusTransitionException::.ctor(BookLibraryApp.Models.ReadingStatus,BookLibraryApp.Models.ReadingStatus)
DA:14,3
FN:19,System.Void BookLibraryApp.Exceptions.RatingNotAllowedException::.ctor()
FNDA:3,System.Void BookLibraryApp.Exceptions.RatingNotAllowedException::.ctor()
DA:20,3
FN:25,System.Void BookLibraryApp.Exceptions.PagesExceedTotalException::.ctor()
FNDA:3,System.Void BookLibraryApp.Exceptions.PagesExceedTotalException::.ctor()
DA:26,3
FN:31,System.Void BookLibraryApp.Exceptions.FutureDateException::.ctor()
FNDA:3,System.Void BookLibraryApp.Exceptions.FutureDateException::.ctor()
DA:32,3
FN:37,System.Void BookLibraryApp.Exceptions.FutureDateNotAllowedException::.ctor(System.String)
FNDA:3,System.Void BookLibraryApp.Exceptions.FutureDateNotAllowedException::.ctor(System.String)
DA:38,3
FN:43,System.Void BookLibraryApp.Exceptions.StartDateRequiredException::.ctor()
FNDA:3,System.Void BookLibraryApp.Exceptions.StartDateRequiredException::.ctor()
DA:44,3
LF:7
LH:7
BRF:0
BRH:0
FNF:7
FNH:7
end_of_record